<?xml version="1.0" encoding="UTF-8"?>
<!-- Generated by org.testng.reporters.JUnitReportReporter -->
<testsuite hostname="Siva-Muniyandi" failures="0" tests="4" name="api.test.UserTests" time="7.336" errors="0" timestamp="2024-08-05T06:17:54 IST" skipped="0">
  <testcase classname="api.test.UserTests" name="testPostUser" time="2.758"/>
  <testcase classname="api.test.UserTests" name="testGetUserByName" time="1.159"/>
  <testcase classname="api.test.UserTests" name="testUpdateUserByName" time="2.281"/>
  <testcase classname="api.test.UserTests" name="testDeleteUserByName" time="1.138"/>
</testsuite> <!-- api.test.UserTests -->
