<?xml version="1.0" encoding="UTF-8"?>
<!-- Generated by org.testng.reporters.JUnitReportReporter -->
<testsuite hostname="Siva-Muniyandi" failures="0" tests="6" name="api.test.DDTests" time="8.653" errors="0" timestamp="2024-08-05T05:39:02 IST" skipped="0">
  <testcase classname="api.test.DDTests" name="testPostUser" time="1.095"/>
  <testcase classname="api.test.DDTests" name="testPostUser" time="2.999"/>
  <testcase classname="api.test.DDTests" name="testPostUser" time="1.167"/>
  <testcase classname="api.test.DDTests" name="testDeletUserByName" time="1.149"/>
  <testcase classname="api.test.DDTests" name="testDeletUserByName" time="1.145"/>
  <testcase classname="api.test.DDTests" name="testDeletUserByName" time="1.098"/>
</testsuite> <!-- api.test.DDTests -->
