<?xml version="1.0" encoding="UTF-8"?>
<!-- Generated by org.testng.reporters.JUnitReportReporter -->
<testsuite hostname="Siva-Muniyandi" failures="0" tests="4" name="api.test.UserTests2" time="8.401" errors="0" timestamp="2024-08-06T05:14:52 IST" skipped="0">
  <testcase classname="api.test.UserTests2" name="testPostUser" time="3.750"/>
  <testcase classname="api.test.UserTests2" name="testGetUserByName" time="1.188"/>
  <testcase classname="api.test.UserTests2" name="testUpdateUserByName" time="2.291"/>
  <testcase classname="api.test.UserTests2" name="testDeleteUserByName" time="1.172"/>
</testsuite> <!-- api.test.UserTests2 -->
